-------------------------------------------------------------------------------
Test set: com.ilearn.junit.tests.ParameterizedMethodTests
-------------------------------------------------------------------------------
Tests run: 4, Failures: 1, Errors: 0, Skipped: 0, Time elapsed: 0.094 s <<< FAILURE! - in com.ilearn.junit.tests.ParameterizedMethodTests
com.ilearn.junit.tests.ParameterizedMethodTests.test_isBlank_shouldReturnTrueForNullorBlank(String)[4]  Time elapsed: 0.016 s  <<< FAILURE!
org.opentest4j.AssertionFailedError: expected: <true> but was: <false>
	at com.ilearn.junit.tests.ParameterizedMethodTests.test_isBlank_shouldReturnTrueForNullorBlank(ParameterizedMethodTests.java:27)

