-------------------------------------------------------------------------------
Test set: com.ilearn.junit.tests.ParameterizedTests
-------------------------------------------------------------------------------
Tests run: 45, Failures: 3, Errors: 0, Skipped: 0, Time elapsed: 0.219 s <<< FAILURE! - in com.ilearn.junit.tests.ParameterizedTests
com.ilearn.junit.tests.ParameterizedTests.test_valueSource_AreMonths31Days(Month)[2]  Time elapsed: 0 s  <<< FAILURE!
org.opentest4j.AssertionFailedError: expected: <31> but was: <28>
	at com.ilearn.junit.tests.ParameterizedTests.test_valueSource_AreMonths31Days(ParameterizedTests.java:46)

com.ilearn.junit.tests.ParameterizedTests.test_multipleof2(Integer)[5]  Time elapsed: 0 s  <<< FAILURE!
org.opentest4j.AssertionFailedError: expected: <true> but was: <false>
	at com.ilearn.junit.tests.ParameterizedTests.test_multipleof2(ParameterizedTests.java:58)

com.ilearn.junit.tests.ParameterizedTests.test_multipleof2(Integer)[6]  Time elapsed: 0 s  <<< FAILURE!
org.opentest4j.AssertionFailedError: expected: <true> but was: <false>
	at com.ilearn.junit.tests.ParameterizedTests.test_multipleof2(ParameterizedTests.java:58)

